\BOOKMARK [0][-]{MUTESCHAPTER.1.0}{\376\377\000A\000b\000s\000t\000r\000a\000c\000t}{}% 1
\BOOKMARK [0][-]{MUTESCHAPTER.2.0}{\376\377\000R\000e\000s\000u\000m\000o}{}% 2
\BOOKMARK [0][-]{MUTESCHAPTER.3.0}{\376\377\000L\000i\000s\000t\000\040\000o\000f\000\040\000F\000i\000g\000u\000r\000e\000s}{}% 3
\BOOKMARK [0][-]{MUTESCHAPTER.4.0}{\376\377\000L\000i\000s\000t\000\040\000o\000f\000\040\000T\000a\000b\000l\000e\000s}{}% 4
\BOOKMARK [0][-]{MUTESCHAPTER.5.0}{\376\377\000L\000i\000s\000t\000\040\000o\000f\000\040\000A\000b\000b\000r\000e\000v\000i\000a\000t\000i\000o\000n\000s\000\040\000a\000n\000d\000\040\000A\000c\000r\000o\000n\000y\000m\000s}{}% 5
\BOOKMARK [0][-]{MUTESCHAPTER.6.0}{\376\377\000C\000o\000n\000t\000e\000n\000t\000s}{}% 6
\BOOKMARK [0][-]{CHAPTER.1}{\376\377\0001\000\040\000I\000n\000t\000r\000o\000d\000u\000c\000t\000i\000o\000n}{}% 7
\BOOKMARK [1][-]{section.1.1}{\376\377\0001\000.\0001\000\040\000M\000o\000t\000i\000v\000a\000t\000i\000o\000n}{CHAPTER.1}% 8
\BOOKMARK [1][-]{section.1.2}{\376\377\0001\000.\0002\000\040\000G\000o\000a\000l\000s}{CHAPTER.1}% 9
\BOOKMARK [1][-]{section.1.3}{\376\377\0001\000.\0003\000\040\000S\000t\000r\000u\000c\000t\000u\000r\000e}{CHAPTER.1}% 10
\BOOKMARK [1][-]{section.1.4}{\376\377\0001\000.\0004\000\040\000C\000o\000n\000c\000e\000p\000t\000s\000,\000\040\000V\000o\000c\000a\000b\000u\000l\000a\000r\000y\000\040\000a\000n\000d\000\040\000N\000o\000t\000a\000t\000i\000o\000n}{CHAPTER.1}% 11
\BOOKMARK [0][-]{CHAPTER.2}{\376\377\0002\000\040\000R\000e\000l\000a\000t\000e\000d\000\040\000W\000o\000r\000k}{}% 12
\BOOKMARK [1][-]{section.2.1}{\376\377\0002\000.\0001\000\040\000O\000v\000e\000r\000v\000i\000e\000w}{CHAPTER.2}% 13
\BOOKMARK [1][-]{section.2.2}{\376\377\0002\000.\0002\000\040\000C\000o\000l\000l\000a\000b\000o\000r\000a\000t\000i\000v\000e\000\040\000F\000i\000l\000t\000e\000r\000i\000n\000g}{CHAPTER.2}% 14
\BOOKMARK [2][-]{subsection.2.2.1}{\376\377\0002\000.\0002\000.\0001\000\040\000U\000s\000e\000r\000-\000b\000a\000s\000e\000d\000\040\000C\000o\000l\000l\000a\000b\000o\000r\000a\000t\000i\000v\000e\000\040\000F\000i\000l\000t\000e\000r\000i\000n\000g}{section.2.2}% 15
\BOOKMARK [3][-]{subsubsection.2.2.1.1}{\376\377\0002\000.\0002\000.\0001\000.\0001\000\040\000A\000l\000g\000o\000r\000i\000t\000h\000m}{subsection.2.2.1}% 16
\BOOKMARK [2][-]{subsection.2.2.2}{\376\377\0002\000.\0002\000.\0002\000\040\000I\000t\000e\000m\000-\000b\000a\000s\000e\000d\000\040\000C\000o\000l\000l\000a\000b\000o\000r\000a\000t\000i\000v\000e\000\040\000F\000i\000l\000t\000e\000r\000i\000n\000g}{section.2.2}% 17
\BOOKMARK [3][-]{subsubsection.2.2.2.1}{\376\377\0002\000.\0002\000.\0002\000.\0001\000\040\000A\000l\000g\000o\000r\000i\000t\000h\000m}{subsection.2.2.2}% 18
\BOOKMARK [2][-]{subsection.2.2.3}{\376\377\0002\000.\0002\000.\0003\000\040\000S\000i\000m\000i\000l\000a\000r\000i\000t\000y\000\040\000F\000u\000n\000c\000t\000i\000o\000n\000s}{section.2.2}% 19
\BOOKMARK [1][-]{section.2.3}{\376\377\0002\000.\0003\000\040\000A\000u\000d\000i\000o\000\040\000F\000e\000a\000t\000u\000r\000e\000s}{CHAPTER.2}% 20
\BOOKMARK [2][-]{subsection.2.3.1}{\376\377\0002\000.\0003\000.\0001\000\040\000S\000h\000o\000r\000t\000\040\000T\000i\000m\000e\000\040\000F\000o\000u\000r\000i\000e\000r\000\040\000T\000r\000a\000n\000s\000f\000o\000r\000m}{section.2.3}% 21
\BOOKMARK [2][-]{subsection.2.3.2}{\376\377\0002\000.\0003\000.\0002\000\040\000A\000c\000o\000u\000s\000t\000i\000c\000a\000l\000\040\000F\000e\000a\000t\000u\000r\000e\000s}{section.2.3}% 22
\BOOKMARK [3][-]{subsubsection.2.3.2.1}{\376\377\0002\000.\0003\000.\0002\000.\0001\000\040\000T\000i\000m\000b\000r\000a\000l\000\040\000T\000e\000x\000t\000u\000r\000e\000\040\000F\000e\000a\000t\000u\000r\000e\000s}{subsection.2.3.2}% 23
\BOOKMARK [3][-]{subsubsection.2.3.2.2}{\376\377\0002\000.\0003\000.\0002\000.\0002\000\040\000R\000h\000y\000t\000h\000m\000\040\000F\000e\000a\000t\000u\000r\000e\000s}{subsection.2.3.2}% 24
\BOOKMARK [2][-]{subsection.2.3.3}{\376\377\0002\000.\0003\000.\0003\000\040\000O\000t\000h\000e\000r\000\040\000F\000e\000a\000t\000u\000r\000e\000s}{section.2.3}% 25
\BOOKMARK [1][-]{section.2.4}{\376\377\0002\000.\0004\000\040\000C\000l\000u\000s\000t\000e\000r\000i\000n\000g\000\040\000T\000e\000c\000h\000n\000i\000q\000u\000e\000s}{CHAPTER.2}% 26
\BOOKMARK [2][-]{subsection.2.4.1}{\376\377\0002\000.\0004\000.\0001\000\040\000K\000-\000m\000e\000a\000n\000s}{section.2.4}% 27
\BOOKMARK [2][-]{subsection.2.4.2}{\376\377\0002\000.\0004\000.\0002\000\040\000M\000u\000l\000t\000i\000v\000a\000r\000i\000a\000t\000e\000\040\000G\000a\000u\000s\000s\000i\000a\000n\000\040\000M\000i\000x\000t\000u\000r\000e\000s\000\040\000M\000o\000d\000e\000l\000s}{section.2.4}% 28
\BOOKMARK [1][-]{section.2.5}{\376\377\0002\000.\0005\000\040\000P\000s\000y\000c\000h\000o\000l\000o\000g\000i\000c\000a\000l\000\040\000a\000n\000d\000\040\000H\000u\000m\000a\000n\000\040\000A\000s\000p\000e\000c\000t\000s}{CHAPTER.2}% 29
\BOOKMARK [2][-]{subsection.2.5.1}{\376\377\0002\000.\0005\000.\0001\000\040\000M\000u\000s\000i\000c\000\040\000S\000i\000m\000i\000l\000a\000r\000i\000t\000y}{section.2.5}% 30
\BOOKMARK [2][-]{subsection.2.5.2}{\376\377\0002\000.\0005\000.\0002\000\040\000P\000e\000r\000s\000o\000n\000a\000l\000i\000t\000y\000\040\000a\000n\000d\000\040\000C\000u\000l\000t\000u\000r\000a\000l\000\040\000B\000a\000c\000k\000g\000r\000o\000u\000n\000d\000\040\000c\000o\000n\000c\000e\000r\000n\000i\000n\000g\000\040\000M\000u\000s\000i\000c\000a\000l\000\040\000P\000e\000r\000c\000e\000p\000t\000i\000o\000n}{section.2.5}% 31
\BOOKMARK [0][-]{CHAPTER.3}{\376\377\0003\000\040\000T\000h\000e\000\040\000A\000p\000p\000r\000o\000a\000c\000h}{}% 32
\BOOKMARK [1][-]{section.3.1}{\376\377\0003\000.\0001\000\040\000D\000a\000t\000a\000\040\000A\000c\000q\000u\000i\000s\000i\000t\000i\000o\000n}{CHAPTER.3}% 33
\BOOKMARK [2][-]{subsection.3.1.1}{\376\377\0003\000.\0001\000.\0001\000\040\000D\000a\000t\000a\000\040\000S\000o\000u\000r\000c\000e\000s}{section.3.1}% 34
\BOOKMARK [2][-]{subsection.3.1.2}{\376\377\0003\000.\0001\000.\0002\000\040\000C\000o\000n\000s\000t\000r\000u\000c\000t\000i\000n\000g\000\040\000t\000h\000e\000\040\000s\000u\000b\000s\000e\000t}{section.3.1}% 35
\BOOKMARK [2][-]{subsection.3.1.3}{\376\377\0003\000.\0001\000.\0003\000\040\000G\000e\000n\000r\000e\000\040\000D\000i\000s\000t\000r\000i\000b\000u\000t\000i\000o\000n}{section.3.1}% 36
\BOOKMARK [1][-]{section.3.2}{\376\377\0003\000.\0002\000\040\000A\000u\000d\000i\000o\000\040\000F\000e\000a\000t\000u\000r\000e\000s}{CHAPTER.3}% 37
\BOOKMARK [2][-]{subsection.3.2.1}{\376\377\0003\000.\0002\000.\0001\000\040\000P\000r\000e\000p\000r\000o\000c\000e\000s\000s\000i\000n\000g\000\040\000A\000u\000d\000i\000o}{section.3.2}% 38
\BOOKMARK [2][-]{subsection.3.2.2}{\376\377\0003\000.\0002\000.\0002\000\040\000M\000e\000l\000-\000F\000r\000e\000q\000u\000e\000n\000c\000y\000\040\000C\000e\000p\000s\000t\000r\000a\000l\000\040\000C\000o\000e\000f\000f\000i\000c\000i\000e\000n\000t\000s}{section.3.2}% 39
\BOOKMARK [2][-]{subsection.3.2.3}{\376\377\0003\000.\0002\000.\0003\000\040\000F\000l\000u\000c\000t\000u\000a\000t\000i\000o\000n\000\040\000P\000a\000t\000t\000e\000r\000n\000s}{section.3.2}% 40
\BOOKMARK [3][-]{subsubsection.3.2.3.1}{\376\377\0003\000.\0002\000.\0003\000.\0001\000\040\000S\000p\000e\000c\000i\000f\000i\000c\000\040\000L\000o\000u\000d\000n\000e\000s\000s\000\040\000S\000e\000n\000s\000a\000t\000i\000o\000n}{subsection.3.2.3}% 41
\BOOKMARK [3][-]{subsubsection.3.2.3.2}{\376\377\0003\000.\0002\000.\0003\000.\0002\000\040\000R\000h\000y\000t\000h\000m\000\040\000P\000a\000t\000t\000e\000r\000n\000s}{subsection.3.2.3}% 42
\BOOKMARK [3][-]{subsubsection.3.2.3.3}{\376\377\0003\000.\0002\000.\0003\000.\0003\000\040\000E\000x\000a\000m\000p\000l\000e\000s\000\040\000o\000f\000\040\000M\000o\000d\000i\000f\000i\000e\000d\000\040\000F\000l\000u\000c\000t\000u\000a\000t\000i\000o\000n\000\040\000P\000a\000t\000t\000e\000r\000n\000s}{subsection.3.2.3}% 43
\BOOKMARK [1][-]{section.3.3}{\376\377\0003\000.\0003\000\040\000F\000e\000a\000t\000u\000r\000e\000\040\000C\000o\000m\000b\000i\000n\000a\000t\000i\000o\000n}{CHAPTER.3}% 44
\BOOKMARK [2][-]{subsection.3.3.1}{\376\377\0003\000.\0003\000.\0001\000\040\000F\000l\000u\000c\000t\000u\000a\000t\000i\000o\000n\000\040\000P\000a\000t\000t\000e\000r\000n\000\040\000D\000i\000m\000e\000n\000s\000i\000o\000n\000a\000l\000i\000t\000y\000\040\000R\000e\000d\000u\000c\000t\000i\000o\000n}{section.3.3}% 45
\BOOKMARK [3][-]{subsubsection.3.3.1.1}{\376\377\0003\000.\0003\000.\0001\000.\0001\000\040\000C\000h\000u\000n\000k\000\040\000S\000e\000l\000e\000c\000t\000i\000o\000n}{subsection.3.3.1}% 46
\BOOKMARK [3][-]{subsubsection.3.3.1.2}{\376\377\0003\000.\0003\000.\0001\000.\0002\000\040\000P\000r\000i\000n\000c\000i\000p\000a\000l\000\040\000C\000o\000m\000p\000o\000n\000e\000n\000t\000\040\000A\000n\000a\000l\000y\000s\000i\000s}{subsection.3.3.1}% 47
\BOOKMARK [3][-]{subsubsection.3.3.1.3}{\376\377\0003\000.\0003\000.\0001\000.\0003\000\040\000Q\000u\000a\000l\000i\000t\000y\000\040\000o\000f\000\040\000P\000C\000A}{subsection.3.3.1}% 48
\BOOKMARK [2][-]{subsection.3.3.2}{\376\377\0003\000.\0003\000.\0002\000\040\000E\000x\000p\000r\000e\000s\000s\000i\000n\000g\000\040\000M\000u\000s\000i\000c\000\040\000T\000i\000m\000b\000r\000e\000\040\000w\000i\000t\000h\000\040\000M\000F\000C\000C\000s}{section.3.3}% 49
\BOOKMARK [3][-]{subsubsection.3.3.2.1}{\376\377\0003\000.\0003\000.\0002\000.\0001\000\040\000M\000F\000C\000C\000\040\000D\000e\000l\000t\000a\000s}{subsection.3.3.2}% 50
\BOOKMARK [3][-]{subsubsection.3.3.2.2}{\376\377\0003\000.\0003\000.\0002\000.\0002\000\040\000C\000o\000n\000c\000a\000t\000e\000n\000a\000t\000e\000d\000\040\000M\000F\000C\000C\000s}{subsection.3.3.2}% 51
\BOOKMARK [3][-]{subsubsection.3.3.2.3}{\376\377\0003\000.\0003\000.\0002\000.\0003\000\040\000M\000e\000d\000i\000a\000n\000s}{subsection.3.3.2}% 52
\BOOKMARK [3][-]{subsubsection.3.3.2.4}{\376\377\0003\000.\0003\000.\0002\000.\0004\000\040\000P\000o\000l\000y\000p\000h\000o\000n\000i\000c\000\040\000T\000i\000m\000b\000r\000e}{subsection.3.3.2}% 53
\BOOKMARK [2][-]{subsection.3.3.3}{\376\377\0003\000.\0003\000.\0003\000\040\000B\000u\000i\000l\000d\000i\000n\000g\000\040\000F\000e\000a\000t\000u\000r\000e\000\040\000V\000e\000c\000t\000o\000r\000s}{section.3.3}% 54
\BOOKMARK [1][-]{section.3.4}{\376\377\0003\000.\0004\000\040\000C\000l\000u\000s\000t\000e\000r\000i\000n\000g}{CHAPTER.3}% 55
\BOOKMARK [2][-]{subsection.3.4.1}{\376\377\0003\000.\0004\000.\0001\000\040\000S\000e\000l\000f\000-\000o\000r\000g\000a\000n\000i\000s\000i\000n\000g\000\040\000M\000a\000p\000\040\000A\000l\000g\000o\000r\000i\000t\000h\000m}{section.3.4}% 56
\BOOKMARK [2][-]{subsection.3.4.2}{\376\377\0003\000.\0004\000.\0002\000\040\000O\000b\000s\000e\000r\000v\000a\000t\000i\000o\000n\000s}{section.3.4}% 57
\BOOKMARK [1][-]{section.3.5}{\376\377\0003\000.\0005\000\040\000R\000e\000c\000o\000m\000m\000e\000n\000d\000e\000r}{CHAPTER.3}% 58
\BOOKMARK [2][-]{subsection.3.5.1}{\376\377\0003\000.\0005\000.\0001\000\040\000P\000r\000e\000f\000e\000r\000e\000n\000c\000e\000s\000\040\000i\000n\000\040\000M\000u\000s\000i\000c\000a\000l\000\040\000S\000p\000a\000c\000e}{section.3.5}% 59
\BOOKMARK [2][-]{subsection.3.5.2}{\376\377\0003\000.\0005\000.\0002\000\040\000S\000c\000o\000r\000e\000\040\000C\000a\000l\000c\000u\000l\000a\000t\000i\000o\000n}{section.3.5}% 60
\BOOKMARK [0][-]{CHAPTER.4}{\376\377\0004\000\040\000E\000v\000a\000l\000u\000a\000t\000i\000o\000n}{}% 61
\BOOKMARK [1][-]{section.4.1}{\376\377\0004\000.\0001\000\040\000S\000i\000g\000n\000i\000f\000i\000c\000a\000n\000c\000e}{CHAPTER.4}% 62
\BOOKMARK [1][-]{section.4.2}{\376\377\0004\000.\0002\000\040\000F\000e\000a\000t\000u\000r\000e\000\040\000V\000e\000c\000t\000o\000r\000\040\000E\000v\000a\000l\000u\000a\000t\000i\000o\000n}{CHAPTER.4}% 63
\BOOKMARK [1][-]{section.4.3}{\376\377\0004\000.\0003\000\040\000M\000e\000a\000s\000u\000r\000i\000n\000g\000\040\000U\000s\000a\000g\000e\000\040\000P\000r\000e\000d\000i\000c\000t\000i\000o\000n}{CHAPTER.4}% 64
\BOOKMARK [1][-]{section.4.4}{\376\377\0004\000.\0004\000\040\000R\000a\000n\000k\000i\000n\000g\000\040\000M\000e\000a\000s\000u\000r\000e}{CHAPTER.4}% 65
\BOOKMARK [1][-]{section.4.5}{\376\377\0004\000.\0005\000\040\000I\000t\000e\000m\000\040\000S\000p\000a\000c\000e\000\040\000C\000o\000v\000e\000r\000a\000g\000e}{CHAPTER.4}% 66
\BOOKMARK [1][-]{section.4.6}{\376\377\0004\000.\0006\000\040\000C\000o\000n\000c\000l\000u\000s\000i\000o\000n\000s}{CHAPTER.4}% 67
\BOOKMARK [0][-]{CHAPTER.5}{\376\377\0005\000\040\000C\000o\000n\000c\000l\000u\000s\000i\000o\000n}{}% 68
\BOOKMARK [1][-]{section.5.1}{\376\377\0005\000.\0001\000\040\000S\000u\000m\000m\000a\000r\000y\000\040\000a\000n\000d\000\040\000D\000i\000s\000c\000u\000s\000s\000i\000o\000n\000s}{CHAPTER.5}% 69
\BOOKMARK [1][-]{section.5.2}{\376\377\0005\000.\0002\000\040\000R\000e\000v\000i\000e\000w\000i\000n\000g\000\040\000D\000a\000t\000a\000\040\000a\000n\000d\000\040\000A\000l\000g\000o\000r\000i\000t\000h\000m}{CHAPTER.5}% 70
\BOOKMARK [1][-]{section.5.3}{\376\377\0005\000.\0003\000\040\000F\000u\000t\000u\000r\000e\000\040\000W\000o\000r\000k}{CHAPTER.5}% 71
\BOOKMARK [0][-]{schapter.7}{\376\377\000R\000e\000f\000e\000r\000e\000n\000c\000e\000s}{}% 72
